Reading package lists...
Building dependency tree...
Reading state information...
Correcting dependencies... Done
The following packages were automatically installed and are no longer required:
  apt-clone archdetect-deb btrfs-tools cryptsetup cryptsetup-bin dmeventd
  dmraid dpkg-repack gir1.2-json-1.0 gir1.2-nm-1.0 gir1.2-nma-1.0
  gir1.2-timezonemap-1.0 gir1.2-xkl-1.0 kpartx kpartx-boot
  libdebian-installer4 libdevmapper-event1.02.1 libdmraid1.0.0.rc16
  liblvm2app2.2 liblvm2cmd2.02 libreadline5 libtimezonemap-data
  libtimezonemap1 lvm2 python3-icu python3-pam rdate ubiquity-casper
Use 'sudo apt autoremove' to remove them.
The following additional packages will be installed:
  cifs-utils dialog
Suggested packages:
  keyutils winbind
The following packages will be REMOVED:
  pinguybuilder
The following NEW packages will be installed:
  cifs-utils dialog
0 upgraded, 2 newly installed, 1 to remove and 0 not upgraded.
1 not fully installed or removed.
Need to get 288 kB of archives.
After this operation, 10.7 MB disk space will be freed.
Do you want to continue? [Y/n] Get:1 http://archive.ubuntu.com/ubuntu bionic/main amd64 cifs-utils amd64 2:6.8-1 [71.5 kB]
Get:2 http://archive.ubuntu.com/ubuntu bionic/universe amd64 dialog amd64 1.3-20171209-1 [217 kB]
Fetched 288 kB in 2s (176 kB/s)
(Reading database ... 213438 files and directories currently installed.)
Removing pinguybuilder (5.1-8) ...
Selecting previously unselected package cifs-utils.
(Reading database ... 213096 files and directories currently installed.)
Preparing to unpack .../cifs-utils_2%3a6.8-1_amd64.deb ...
Unpacking cifs-utils (2:6.8-1) ...
Selecting previously unselected package dialog.
Preparing to unpack .../dialog_1.3-20171209-1_amd64.deb ...
Unpacking dialog (1.3-20171209-1) ...
Setting up cifs-utils (2:6.8-1) ...
update-alternatives: using /usr/lib/x86_64-linux-gnu/cifs-utils/idmapwb.so to provide /etc/cifs-utils/idmap-plugin (idmap-plugin) in auto mode
Setting up dialog (1.3-20171209-1) ...
Processing triggers for mime-support (3.60ubuntu1) ...
Processing triggers for desktop-file-utils (0.23-1ubuntu3.18.04.2) ...
Processing triggers for bamfdaemon (0.5.3+18.04.20180207.2-0ubuntu1) ...
Rebuilding /usr/share/applications/bamf-2.index...
Processing triggers for man-db (2.8.3-2ubuntu0.1) ...
Processing triggers for hicolor-icon-theme (0.17-2) ...
